23:02:23 **** Incremental Build of configuration Debug for project FINAL_Proj_MC1_HMI ****
make all 
Building file: ../MC1drivers/keypad.c
Invoking: AVR Compiler
avr-gcc -Wall -g2 -gstabs -O0 -fpack-struct -fshort-enums -ffunction-sections -fdata-sections -std=gnu99 -funsigned-char -funsigned-bitfields -mmcu=atmega16 -DF_CPU=8000000UL -MMD -MP -MF"MC1drivers/keypad.d" -MT"MC1drivers/keypad.o" -c -o "MC1drivers/keypad.o" "../MC1drivers/keypad.c"
In file included from ../MC1drivers/micro_config.h:22,
                 from ../MC1drivers/keypad.h:5,
                 from ../MC1drivers/keypad.c:1:
c:/winavr-20100110/lib/gcc/../../avr/include/util/delay.h:90:3: warning: #warning "Compiler optimizations disabled; functions from <util/delay.h> won't work as designed"
../MC1drivers/keypad.c: In function 'Keypad_getPressedKey':
../MC1drivers/keypad.c:20: warning: suggest parentheses around + or - inside shift
../MC1drivers/keypad.c:22: warning: suggest parentheses around + or - inside shift
Finished building: ../MC1drivers/keypad.c
 
Building file: ../MC1drivers/lcd.c
Invoking: AVR Compiler
avr-gcc -Wall -g2 -gstabs -O0 -fpack-struct -fshort-enums -ffunction-sections -fdata-sections -std=gnu99 -funsigned-char -funsigned-bitfields -mmcu=atmega16 -DF_CPU=8000000UL -MMD -MP -MF"MC1drivers/lcd.d" -MT"MC1drivers/lcd.o" -c -o "MC1drivers/lcd.o" "../MC1drivers/lcd.c"
In file included from ../MC1drivers/micro_config.h:22,
                 from ../MC1drivers/lcd.h:6,
                 from ../MC1drivers/lcd.c:1:
c:/winavr-20100110/lib/gcc/../../avr/include/util/delay.h:90:3: warning: #warning "Compiler optimizations disabled; functions from <util/delay.h> won't work as designed"
../MC1drivers/lcd.c: In function 'LCD_intgerToString':
../MC1drivers/lcd.c:144: warning: implicit declaration of function 'itoa'
Finished building: ../MC1drivers/lcd.c
 
Building file: ../MC1drivers/timers.c
Invoking: AVR Compiler
avr-gcc -Wall -g2 -gstabs -O0 -fpack-struct -fshort-enums -ffunction-sections -fdata-sections -std=gnu99 -funsigned-char -funsigned-bitfields -mmcu=atmega16 -DF_CPU=8000000UL -MMD -MP -MF"MC1drivers/timers.d" -MT"MC1drivers/timers.o" -c -o "MC1drivers/timers.o" "../MC1drivers/timers.c"
In file included from ../MC1drivers/micro_config.h:22,
                 from ../MC1drivers/timers.h:7,
                 from ../MC1drivers/timers.c:1:
c:/winavr-20100110/lib/gcc/../../avr/include/util/delay.h:90:3: warning: #warning "Compiler optimizations disabled; functions from <util/delay.h> won't work as designed"
../MC1drivers/timers.c: In function 'Timer_0_setCompareCallBack':
../MC1drivers/timers.c:123: warning: function return types not compatible due to 'volatile'
../MC1drivers/timers.c: In function 'Timer_0_setOverflowCallBack':
../MC1drivers/timers.c:129: warning: function return types not compatible due to 'volatile'
../MC1drivers/timers.c: In function 'Timer_2_setCompareCallBack':
../MC1drivers/timers.c:204: warning: function return types not compatible due to 'volatile'
../MC1drivers/timers.c: In function 'Timer_2_setOverflowCallBack':
../MC1drivers/timers.c:210: warning: function return types not compatible due to 'volatile'
../MC1drivers/timers.c: In function 'Timer_1_setCompareACallBack':
../MC1drivers/timers.c:307: warning: function return types not compatible due to 'volatile'
../MC1drivers/timers.c: In function 'Timer_1_setCompareBCallBack':
../MC1drivers/timers.c:313: warning: function return types not compatible due to 'volatile'
../MC1drivers/timers.c: In function 'Timer_1_setOverflowCallBack':
../MC1drivers/timers.c:319: warning: function return types not compatible due to 'volatile'
Finished building: ../MC1drivers/timers.c
 
Building file: ../MC1drivers/uart.c
Invoking: AVR Compiler
avr-gcc -Wall -g2 -gstabs -O0 -fpack-struct -fshort-enums -ffunction-sections -fdata-sections -std=gnu99 -funsigned-char -funsigned-bitfields -mmcu=atmega16 -DF_CPU=8000000UL -MMD -MP -MF"MC1drivers/uart.d" -MT"MC1drivers/uart.o" -c -o "MC1drivers/uart.o" "../MC1drivers/uart.c"
In file included from ../MC1drivers/micro_config.h:22,
                 from ../MC1drivers/uart.h:8,
                 from ../MC1drivers/uart.c:1:
c:/winavr-20100110/lib/gcc/../../avr/include/util/delay.h:90:3: warning: #warning "Compiler optimizations disabled; functions from <util/delay.h> won't work as designed"
../MC1drivers/uart.c: In function 'UART_setRecieveCompleteCallback':
../MC1drivers/uart.c:136: warning: function return types not compatible due to 'volatile'
../MC1drivers/uart.c: In function 'UART_setTransmitCompleteCallback':
../MC1drivers/uart.c:142: warning: function return types not compatible due to 'volatile'
../MC1drivers/uart.c: In function 'UART_setDataEmptyCallback':
../MC1drivers/uart.c:148: warning: function return types not compatible due to 'volatile'
Finished building: ../MC1drivers/uart.c
 
Building file: ../main.c
Invoking: AVR Compiler
avr-gcc -Wall -g2 -gstabs -O0 -fpack-struct -fshort-enums -ffunction-sections -fdata-sections -std=gnu99 -funsigned-char -funsigned-bitfields -mmcu=atmega16 -DF_CPU=8000000UL -MMD -MP -MF"main.d" -MT"main.o" -c -o "main.o" "../main.c"
In file included from ../MC1drivers/micro_config.h:22,
                 from ../MC1drivers/timers.h:7,
                 from ../main.c:1:
c:/winavr-20100110/lib/gcc/../../avr/include/util/delay.h:90:3: warning: #warning "Compiler optimizations disabled; functions from <util/delay.h> won't work as designed"
../main.c:14: warning: return type of 'main' is not 'int'
Finished building: ../main.c
 
Building target: FINAL_Proj_MC1_HMI.elf
Invoking: AVR C Linker
avr-gcc -Wl,-Map,FINAL_Proj_MC1_HMI.map -mmcu=atmega16 -o "FINAL_Proj_MC1_HMI.elf"  ./MC1drivers/keypad.o ./MC1drivers/lcd.o ./MC1drivers/timers.o ./MC1drivers/uart.o  ./main.o   
Finished building target: FINAL_Proj_MC1_HMI.elf
 
Invoking: AVR Create Extended Listing
avr-objdump -h -S FINAL_Proj_MC1_HMI.elf  >"FINAL_Proj_MC1_HMI.lss"
Finished building: FINAL_Proj_MC1_HMI.lss
 
Invoking: Print Size
avr-size --format=avr --mcu=atmega16 FINAL_Proj_MC1_HMI.elf
AVR Memory Usage
----------------
Device: atmega16

Program:   11190 bytes (68.3% Full)
(.text + .data + .bootloader)

Data:        192 bytes (18.8% Full)
(.data + .bss + .noinit)


Finished building: sizedummy
 

23:02:24 Build Finished. 0 errors, 19 warnings. (took 1s.775ms)

